0 info it worked if it ends with ok
1 verbose cli [ 'D:\\Program Files\\nodejs\\node.exe',
1 verbose cli   'D:\\Program Files\\nodejs\\node_modules\\npm\\bin\\npm-cli.js',
1 verbose cli   'run',
1 verbose cli   'webpack' ]
2 info using npm@4.1.2
3 info using node@v7.6.0
4 verbose run-script [ 'prewebpack', 'webpack', 'postwebpack' ]
5 info lifecycle webpack_06@1.0.0~prewebpack: webpack_06@1.0.0
6 silly lifecycle webpack_06@1.0.0~prewebpack: no script for prewebpack, continuing
7 info lifecycle webpack_06@1.0.0~webpack: webpack_06@1.0.0
8 verbose lifecycle webpack_06@1.0.0~webpack: unsafe-perm in lifecycle true
9 verbose lifecycle webpack_06@1.0.0~webpack: PATH: D:\Program Files\nodejs\node_modules\npm\bin\node-gyp-bin;E:\宏林文件\学习\webpack-study\webpack_06\node_modules\.bin;C:\ProgramData\Oracle\Java\javapath;C:\Program Files (x86)\Intel\iCLS Client\;C:\Program Files\Intel\iCLS Client\;C:\Windows\system32;C:\Windows;C:\Windows\System32\Wbem;C:\Windows\System32\WindowsPowerShell\v1.0\;C:\Program Files\Intel\Intel(R) Management Engine Components\DAL;C:\Program Files (x86)\Intel\Intel(R) Management Engine Components\DAL;C:\Program Files\Intel\Intel(R) Management Engine Components\IPT;C:\Program Files (x86)\Intel\Intel(R) Management Engine Components\IPT;D:\Program Files\Java\jdk1.7.0_51\bin;D:\Program Files\Java\jdk1.7.0_51\jre7\bin;E:\Program Files\Git\cmd;E:\Program Files\TortoiseGit\bin;D:\Program Files\TortoiseSVN\bin;D:\Program Files\nodejs\;E:\xampp\mysql\bin;C:\Users\xiaodong\AppData\Local\atom\bin;C:\Users\xiaodong\AppData\Roaming\npm
10 verbose lifecycle webpack_06@1.0.0~webpack: CWD: E:\宏林文件\学习\webpack-study\webpack_06
11 silly lifecycle webpack_06@1.0.0~webpack: Args: [ '/d /s /c',
11 silly lifecycle   'webpack --config webpack.config.js --progress --display-modules --colors --display-reasons' ]
12 silly lifecycle webpack_06@1.0.0~webpack: Returned: code: 2  signal: null
13 info lifecycle webpack_06@1.0.0~webpack: Failed to exec webpack script
14 verbose stack Error: webpack_06@1.0.0 webpack: `webpack --config webpack.config.js --progress --display-modules --colors --display-reasons`
14 verbose stack Exit status 2
14 verbose stack     at EventEmitter.<anonymous> (D:\Program Files\nodejs\node_modules\npm\lib\utils\lifecycle.js:279:16)
14 verbose stack     at emitTwo (events.js:106:13)
14 verbose stack     at EventEmitter.emit (events.js:192:7)
14 verbose stack     at ChildProcess.<anonymous> (D:\Program Files\nodejs\node_modules\npm\lib\utils\spawn.js:40:14)
14 verbose stack     at emitTwo (events.js:106:13)
14 verbose stack     at ChildProcess.emit (events.js:192:7)
14 verbose stack     at maybeClose (internal/child_process.js:890:16)
14 verbose stack     at Process.ChildProcess._handle.onexit (internal/child_process.js:226:5)
15 verbose pkgid webpack_06@1.0.0
16 verbose cwd E:\宏林文件\学习\webpack-study\webpack_06
17 error Windows_NT 6.1.7601
18 error argv "D:\\Program Files\\nodejs\\node.exe" "D:\\Program Files\\nodejs\\node_modules\\npm\\bin\\npm-cli.js" "run" "webpack"
19 error node v7.6.0
20 error npm  v4.1.2
21 error code ELIFECYCLE
22 error webpack_06@1.0.0 webpack: `webpack --config webpack.config.js --progress --display-modules --colors --display-reasons`
22 error Exit status 2
23 error Failed at the webpack_06@1.0.0 webpack script 'webpack --config webpack.config.js --progress --display-modules --colors --display-reasons'.
23 error Make sure you have the latest version of node.js and npm installed.
23 error If you do, this is most likely a problem with the webpack_06 package,
23 error not with npm itself.
23 error Tell the author that this fails on your system:
23 error     webpack --config webpack.config.js --progress --display-modules --colors --display-reasons
23 error You can get information on how to open an issue for this project with:
23 error     npm bugs webpack_06
23 error Or if that isn't available, you can get their info via:
23 error     npm owner ls webpack_06
23 error There is likely additional logging output above.
24 verbose exit [ 1, true ]
