0 info it worked if it ends with ok
1 verbose cli [ 'D:\\Program Files\\nodejs\\node.exe',
1 verbose cli   'D:\\Program Files\\nodejs\\node_modules\\npm\\bin\\npm-cli.js',
1 verbose cli   'init',
1 verbose cli   '-y' ]
2 info using npm@4.1.2
3 info using node@v7.6.0
4 silly package data undefined
5 info init written successfully
6 verbose stack Error: Invalid name: "webpack 01"
6 verbose stack     at ensureValidName (D:\Program Files\nodejs\node_modules\npm\node_modules\normalize-package-data\lib\fixer.js:336:15)
6 verbose stack     at Object.fixNameField (D:\Program Files\nodejs\node_modules\npm\node_modules\normalize-package-data\lib\fixer.js:215:5)
6 verbose stack     at D:\Program Files\nodejs\node_modules\npm\node_modules\normalize-package-data\lib\normalize.js:32:38
6 verbose stack     at Array.forEach (native)
6 verbose stack     at normalize (D:\Program Files\nodejs\node_modules\npm\node_modules\normalize-package-data\lib\normalize.js:31:15)
6 verbose stack     at final (D:\Program Files\nodejs\node_modules\npm\node_modules\read-package-json\read-json.js:349:5)
6 verbose stack     at then (D:\Program Files\nodejs\node_modules\npm\node_modules\read-package-json\read-json.js:124:5)
6 verbose stack     at ReadFileContext.<anonymous> (D:\Program Files\nodejs\node_modules\npm\node_modules\read-package-json\read-json.js:295:20)
6 verbose stack     at ReadFileContext.callback (D:\Program Files\nodejs\node_modules\npm\node_modules\graceful-fs\graceful-fs.js:78:16)
6 verbose stack     at FSReqWrap.readFileAfterOpen [as oncomplete] (fs.js:357:13)
7 verbose cwd E:\宏林文件\学习\webpack\webpack 01
8 error Windows_NT 6.1.7601
9 error argv "D:\\Program Files\\nodejs\\node.exe" "D:\\Program Files\\nodejs\\node_modules\\npm\\bin\\npm-cli.js" "init" "-y"
10 error node v7.6.0
11 error npm  v4.1.2
12 error Invalid name: "webpack 01"
13 error If you need help, you may report this error at:
13 error     <https://github.com/npm/npm/issues>
14 verbose exit [ 1, true ]
